<?xml version="1.0" encoding="UTF-8"?>
<coverage generated="1752481106565" clover="3.2.0">
  <project timestamp="1752481106565" name="All files">
    <metrics statements="40" coveredstatements="36" conditionals="12" coveredconditionals="7" methods="17" coveredmethods="14" elements="69" coveredelements="57" complexity="0" loc="40" ncloc="40" packages="2" files="5" classes="5"/>
    <package name="components">
      <metrics statements="39" coveredstatements="35" conditionals="12" coveredconditionals="7" methods="17" coveredmethods="14"/>
      <file name="Body.js" path="C:\Users\ADMIN\Desktop\sahil\NAMASTE REACT\src\components\Body.js">
        <metrics statements="23" coveredstatements="19" conditionals="6" coveredconditionals="4" methods="10" coveredmethods="7"/>
        <line num="7" count="1" type="stmt"/>
        <line num="8" count="4" type="stmt"/>
        <line num="9" count="4" type="stmt"/>
        <line num="10" count="4" type="stmt"/>
        <line num="12" count="4" type="stmt"/>
        <line num="13" count="4" type="stmt"/>
        <line num="14" count="1" type="stmt"/>
        <line num="17" count="4" type="stmt"/>
        <line num="18" count="1" type="stmt"/>
        <line num="20" count="1" type="stmt"/>
        <line num="21" count="1" type="stmt"/>
        <line num="25" count="1" type="stmt"/>
        <line num="31" count="4" type="stmt"/>
        <line num="32" count="0" type="stmt"/>
        <line num="33" count="0" type="cond" truecount="0" falsecount="2"/>
        <line num="35" count="0" type="stmt"/>
        <line num="38" count="4" type="cond" truecount="2" falsecount="0"/>
        <line num="50" count="1" type="stmt"/>
        <line num="56" count="1" type="stmt"/>
        <line num="57" count="37" type="stmt"/>
        <line num="61" count="1" type="stmt"/>
        <line num="71" count="0" type="stmt"/>
        <line num="81" count="77" type="stmt"/>
      </file>
      <file name="Contact.js" path="C:\Users\ADMIN\Desktop\sahil\NAMASTE REACT\src\components\Contact.js">
        <metrics statements="2" coveredstatements="2" conditionals="0" coveredconditionals="0" methods="1" coveredmethods="1"/>
        <line num="1" count="1" type="stmt"/>
        <line num="2" count="4" type="stmt"/>
      </file>
      <file name="Header.js" path="C:\Users\ADMIN\Desktop\sahil\NAMASTE REACT\src\components\Header.js">
        <metrics statements="7" coveredstatements="7" conditionals="4" coveredconditionals="2" methods="3" coveredmethods="3"/>
        <line num="8" count="1" type="stmt"/>
        <line num="9" count="5" type="stmt"/>
        <line num="10" count="5" type="stmt"/>
        <line num="12" count="5" type="stmt"/>
        <line num="13" count="9" type="stmt"/>
        <line num="15" count="5" type="stmt"/>
        <line num="49" count="1" type="cond" truecount="1" falsecount="1"/>
      </file>
      <file name="RestaurantCards.js" path="C:\Users\ADMIN\Desktop\sahil\NAMASTE REACT\src\components\RestaurantCards.js">
        <metrics statements="7" coveredstatements="7" conditionals="2" coveredconditionals="1" methods="3" coveredmethods="3"/>
        <line num="3" count="2" type="stmt"/>
        <line num="4" count="78" type="stmt"/>
        <line num="7" count="78" type="cond" truecount="1" falsecount="1"/>
        <line num="9" count="78" type="stmt"/>
        <line num="31" count="2" type="stmt"/>
        <line num="32" count="4" type="stmt"/>
        <line num="33" count="12" type="stmt"/>
      </file>
    </package>
    <package name="utils">
      <metrics statements="1" coveredstatements="1" conditionals="0" coveredconditionals="0" methods="0" coveredmethods="0"/>
      <file name="appStore.js" path="C:\Users\ADMIN\Desktop\sahil\NAMASTE REACT\src\utils\appStore.js">
        <metrics statements="1" coveredstatements="1" conditionals="0" coveredconditionals="0" methods="0" coveredmethods="0"/>
        <line num="3" count="1" type="stmt"/>
      </file>
    </package>
  </project>
</coverage>
