<?xml version="1.0" encoding="UTF-8"?>
<coverage generated="1752568276509" clover="3.2.0">
  <project timestamp="1752568276509" name="All files">
    <metrics statements="25" coveredstatements="25" conditionals="6" coveredconditionals="6" methods="11" coveredmethods="11" elements="42" coveredelements="42" complexity="0" loc="25" ncloc="25" packages="1" files="2" classes="2"/>
    <file name="Body.js" path="C:\Users\ADMIN\Desktop\sahil\NAMASTE REACT\src\components\Body.js">
      <metrics statements="23" coveredstatements="23" conditionals="6" coveredconditionals="6" methods="10" coveredmethods="10"/>
      <line num="7" count="1" type="stmt"/>
      <line num="8" count="9" type="stmt"/>
      <line num="9" count="9" type="stmt"/>
      <line num="10" count="9" type="stmt"/>
      <line num="12" count="9" type="stmt"/>
      <line num="13" count="9" type="stmt"/>
      <line num="14" count="3" type="stmt"/>
      <line num="17" count="9" type="stmt"/>
      <line num="18" count="3" type="stmt"/>
      <line num="20" count="3" type="stmt"/>
      <line num="21" count="3" type="stmt"/>
      <line num="25" count="3" type="stmt"/>
      <line num="31" count="9" type="stmt"/>
      <line num="32" count="1" type="stmt"/>
      <line num="33" count="37" type="cond" truecount="2" falsecount="0"/>
      <line num="35" count="1" type="stmt"/>
      <line num="38" count="9" type="cond" truecount="2" falsecount="0"/>
      <line num="50" count="1" type="stmt"/>
      <line num="56" count="1" type="stmt"/>
      <line num="57" count="37" type="stmt"/>
      <line num="61" count="1" type="stmt"/>
      <line num="71" count="1" type="stmt"/>
      <line num="81" count="156" type="stmt"/>
    </file>
    <file name="Contact.js" path="C:\Users\ADMIN\Desktop\sahil\NAMASTE REACT\src\components\Contact.js">
      <metrics statements="2" coveredstatements="2" conditionals="0" coveredconditionals="0" methods="1" coveredmethods="1"/>
      <line num="1" count="1" type="stmt"/>
      <line num="2" count="4" type="stmt"/>
    </file>
  </project>
</coverage>
