{"C:\\Users\\ADMIN\\Desktop\\sahil\\NAMASTE REACT\\src\\components\\Body.js": {"path":"C:\\Users\\ADMIN\\Desktop\\sahil\\NAMASTE REACT\\src\\components\\Body.js","statementMap":{"0":{"start":{"line":7,"column":13},"end":{"line":98,"column":1}},"1":{"start":{"line":8,"column":52},"end":{"line":8,"column":64}},"2":{"start":{"line":9,"column":56},"end":{"line":9,"column":68}},"3":{"start":{"line":10,"column":38},"end":{"line":10,"column":50}},"4":{"start":{"line":12,"column":33},"end":{"line":12,"column":67}},"5":{"start":{"line":13,"column":2},"end":{"line":15,"column":9}},"6":{"start":{"line":14,"column":4},"end":{"line":14,"column":16}},"7":{"start":{"line":17,"column":20},"end":{"line":29,"column":3}},"8":{"start":{"line":18,"column":17},"end":{"line":18,"column":37}},"9":{"start":{"line":20,"column":21},"end":{"line":20,"column":38}},"10":{"start":{"line":21,"column":4},"end":{"line":24,"column":6}},"11":{"start":{"line":25,"column":4},"end":{"line":28,"column":6}},"12":{"start":{"line":31,"column":23},"end":{"line":36,"column":3}},"13":{"start":{"line":32,"column":21},"end":{"line":34,"column":6}},"14":{"start":{"line":33,"column":6},"end":{"line":33,"column":52}},"15":{"start":{"line":35,"column":4},"end":{"line":35,"column":37}},"16":{"start":{"line":38,"column":2},"end":{"line":97,"column":4}},"17":{"start":{"line":50,"column":14},"end":{"line":50,"column":44}},"18":{"start":{"line":56,"column":35},"end":{"line":60,"column":16}},"19":{"start":{"line":57,"column":16},"end":{"line":59,"column":54}},"20":{"start":{"line":61,"column":14},"end":{"line":61,"column":51}},"21":{"start":{"line":71,"column":14},"end":{"line":71,"column":29}},"22":{"start":{"line":81,"column":10},"end":{"line":93,"column":12}}},"fnMap":{"0":{"name":"(anonymous_0)","decl":{"start":{"line":7,"column":13},"end":{"line":7,"column":14}},"loc":{"start":{"line":7,"column":19},"end":{"line":98,"column":1}},"line":7},"1":{"name":"(anonymous_1)","decl":{"start":{"line":13,"column":12},"end":{"line":13,"column":13}},"loc":{"start":{"line":13,"column":18},"end":{"line":15,"column":3}},"line":13},"2":{"name":"(anonymous_2)","decl":{"start":{"line":17,"column":20},"end":{"line":17,"column":21}},"loc":{"start":{"line":17,"column":32},"end":{"line":29,"column":3}},"line":17},"3":{"name":"(anonymous_3)","decl":{"start":{"line":31,"column":23},"end":{"line":31,"column":24}},"loc":{"start":{"line":31,"column":29},"end":{"line":36,"column":3}},"line":31},"4":{"name":"(anonymous_4)","decl":{"start":{"line":32,"column":46},"end":{"line":32,"column":47}},"loc":{"start":{"line":32,"column":56},"end":{"line":34,"column":5}},"line":32},"5":{"name":"(anonymous_5)","decl":{"start":{"line":49,"column":22},"end":{"line":49,"column":23}},"loc":{"start":{"line":49,"column":29},"end":{"line":51,"column":13}},"line":49},"6":{"name":"(anonymous_6)","decl":{"start":{"line":55,"column":21},"end":{"line":55,"column":22}},"loc":{"start":{"line":55,"column":27},"end":{"line":62,"column":13}},"line":55},"7":{"name":"(anonymous_7)","decl":{"start":{"line":56,"column":60},"end":{"line":56,"column":61}},"loc":{"start":{"line":56,"column":69},"end":{"line":60,"column":15}},"line":56},"8":{"name":"(anonymous_8)","decl":{"start":{"line":70,"column":21},"end":{"line":70,"column":22}},"loc":{"start":{"line":70,"column":27},"end":{"line":72,"column":13}},"line":70},"9":{"name":"(anonymous_9)","decl":{"start":{"line":79,"column":33},"end":{"line":79,"column":34}},"loc":{"start":{"line":79,"column":50},"end":{"line":94,"column":9}},"line":79}},"branchMap":{"0":{"loc":{"start":{"line":33,"column":13},"end":{"line":33,"column":51}},"type":"binary-expr","locations":[{"start":{"line":33,"column":13},"end":{"line":33,"column":22}},{"start":{"line":33,"column":26},"end":{"line":33,"column":51}}],"line":33},"1":{"loc":{"start":{"line":38,"column":9},"end":{"line":97,"column":3}},"type":"cond-expr","locations":[{"start":{"line":39,"column":4},"end":{"line":39,"column":15}},{"start":{"line":41,"column":4},"end":{"line":96,"column":10}}],"line":38},"2":{"loc":{"start":{"line":87,"column":15},"end":{"line":91,"column":15}},"type":"cond-expr","locations":[{"start":{"line":88,"column":16},"end":{"line":88,"column":65}},{"start":{"line":90,"column":16},"end":{"line":90,"column":58}}],"line":87}},"s":{"0":1,"1":9,"2":9,"3":9,"4":9,"5":9,"6":3,"7":9,"8":3,"9":3,"10":3,"11":3,"12":9,"13":1,"14":37,"15":1,"16":9,"17":1,"18":1,"19":37,"20":1,"21":1,"22":156},"f":{"0":9,"1":3,"2":3,"3":1,"4":37,"5":1,"6":1,"7":37,"8":1,"9":156},"b":{"0":[37,37],"1":[3,6],"2":[22,134]},"_coverageSchema":"1a1c01bbd47fc00a2c39e90264f33305004495a9","hash":"da52b98060455a063c99fb8bf7294fd9ef2b8d90"}
,"C:\\Users\\ADMIN\\Desktop\\sahil\\NAMASTE REACT\\src\\components\\Contact.js": {"path":"C:\\Users\\ADMIN\\Desktop\\sahil\\NAMASTE REACT\\src\\components\\Contact.js","statementMap":{"0":{"start":{"line":1,"column":16},"end":{"line":23,"column":1}},"1":{"start":{"line":2,"column":2},"end":{"line":22,"column":4}}},"fnMap":{"0":{"name":"(anonymous_0)","decl":{"start":{"line":1,"column":16},"end":{"line":1,"column":17}},"loc":{"start":{"line":1,"column":22},"end":{"line":23,"column":1}},"line":1}},"branchMap":{},"s":{"0":1,"1":4},"f":{"0":4},"b":{},"_coverageSchema":"1a1c01bbd47fc00a2c39e90264f33305004495a9","hash":"6482e5237962b442f87d77fd4b62a8a35ffdf9ee"}
}
