{"C:\\Users\\ADMIN\\Desktop\\sahil\\NAMASTE REACT\\src\\components\\Contact.js": {"path":"C:\\Users\\ADMIN\\Desktop\\sahil\\NAMASTE REACT\\src\\components\\Contact.js","statementMap":{"0":{"start":{"line":1,"column":16},"end":{"line":23,"column":1}},"1":{"start":{"line":2,"column":2},"end":{"line":22,"column":4}}},"fnMap":{"0":{"name":"(anonymous_0)","decl":{"start":{"line":1,"column":16},"end":{"line":1,"column":17}},"loc":{"start":{"line":1,"column":22},"end":{"line":23,"column":1}},"line":1}},"branchMap":{},"s":{"0":1,"1":4},"f":{"0":4},"b":{},"_coverageSchema":"1a1c01bbd47fc00a2c39e90264f33305004495a9","hash":"6482e5237962b442f87d77fd4b62a8a35ffdf9ee"}
,"C:\\Users\\ADMIN\\Desktop\\sahil\\NAMASTE REACT\\src\\components\\sum.js": {"path":"C:\\Users\\ADMIN\\Desktop\\sahil\\NAMASTE REACT\\src\\components\\sum.js","statementMap":{"0":{"start":{"line":1,"column":19},"end":{"line":3,"column":1}},"1":{"start":{"line":2,"column":2},"end":{"line":2,"column":15}}},"fnMap":{"0":{"name":"(anonymous_0)","decl":{"start":{"line":1,"column":19},"end":{"line":1,"column":20}},"loc":{"start":{"line":1,"column":29},"end":{"line":3,"column":1}},"line":1}},"branchMap":{},"s":{"0":1,"1":1},"f":{"0":1},"b":{},"_coverageSchema":"1a1c01bbd47fc00a2c39e90264f33305004495a9","hash":"b1a28a80f2446477edb03ddc773cb6dfe0ce5156"}
}
