TN:
SF:src\components\Body.js
FN:7,(anonymous_0)
FN:13,(anonymous_1)
FN:17,(anonymous_2)
FN:31,(anonymous_3)
FN:32,(anonymous_4)
FN:49,(anonymous_5)
FN:55,(anonymous_6)
FN:56,(anonymous_7)
FN:70,(anonymous_8)
FN:79,(anonymous_9)
FNF:10
FNH:10
FNDA:9,(anonymous_0)
FNDA:3,(anonymous_1)
FNDA:3,(anonymous_2)
FNDA:1,(anonymous_3)
FNDA:37,(anonymous_4)
FNDA:1,(anonymous_5)
FNDA:1,(anonymous_6)
FNDA:37,(anonymous_7)
FNDA:1,(anonymous_8)
FNDA:156,(anonymous_9)
DA:7,1
DA:8,9
DA:9,9
DA:10,9
DA:12,9
DA:13,9
DA:14,3
DA:17,9
DA:18,3
DA:20,3
DA:21,3
DA:25,3
DA:31,9
DA:32,1
DA:33,37
DA:35,1
DA:38,9
DA:50,1
DA:56,1
DA:57,37
DA:61,1
DA:71,1
DA:81,156
LF:23
LH:23
BRDA:33,0,0,37
BRDA:33,0,1,37
BRDA:38,1,0,3
BRDA:38,1,1,6
BRDA:87,2,0,22
BRDA:87,2,1,134
BRF:6
BRH:6
end_of_record
TN:
SF:src\components\Contact.js
FN:1,(anonymous_0)
FNF:1
FNH:1
FNDA:4,(anonymous_0)
DA:1,1
DA:2,4
LF:2
LH:2
BRF:0
BRH:0
end_of_record
