TN:
SF:src\components\Body.js
FN:7,(anonymous_0)
FN:13,(anonymous_1)
FN:17,(anonymous_2)
FN:31,(anonymous_3)
FN:32,(anonymous_4)
FN:49,(anonymous_5)
FN:55,(anonymous_6)
FN:56,(anonymous_7)
FN:70,(anonymous_8)
FN:79,(anonymous_9)
FNF:10
FNH:7
FNDA:4,(anonymous_0)
FNDA:1,(anonymous_1)
FNDA:1,(anonymous_2)
FNDA:0,(anonymous_3)
FNDA:0,(anonymous_4)
FNDA:1,(anonymous_5)
FNDA:1,(anonymous_6)
FNDA:37,(anonymous_7)
FNDA:0,(anonymous_8)
FNDA:77,(anonymous_9)
DA:7,1
DA:8,4
DA:9,4
DA:10,4
DA:12,4
DA:13,4
DA:14,1
DA:17,4
DA:18,1
DA:20,1
DA:21,1
DA:25,1
DA:31,4
DA:32,0
DA:33,0
DA:35,0
DA:38,4
DA:50,1
DA:56,1
DA:57,37
DA:61,1
DA:71,0
DA:81,77
LF:23
LH:19
BRDA:33,0,0,0
BRDA:33,0,1,0
BRDA:38,1,0,1
BRDA:38,1,1,3
BRDA:87,2,0,12
BRDA:87,2,1,65
BRF:6
BRH:4
end_of_record
TN:
SF:src\components\Contact.js
FN:1,(anonymous_0)
FNF:1
FNH:1
FNDA:4,(anonymous_0)
DA:1,1
DA:2,4
LF:2
LH:2
BRF:0
BRH:0
end_of_record
TN:
SF:src\components\Header.js
FN:8,(anonymous_0)
FN:13,(anonymous_1)
FN:48,(anonymous_2)
FNF:3
FNH:3
FNDA:5,(anonymous_0)
FNDA:9,(anonymous_1)
FNDA:1,(anonymous_2)
DA:8,1
DA:9,5
DA:10,5
DA:12,5
DA:13,9
DA:15,5
DA:49,1
LF:7
LH:7
BRDA:23,0,0,5
BRDA:23,0,1,0
BRDA:49,1,0,1
BRDA:49,1,1,0
BRF:4
BRH:2
end_of_record
TN:
SF:src\components\RestaurantCards.js
FN:3,(anonymous_0)
FN:31,(anonymous_1)
FN:32,(anonymous_2)
FNF:3
FNH:3
FNDA:78,(anonymous_0)
FNDA:4,(anonymous_1)
FNDA:12,(anonymous_2)
DA:3,2
DA:4,78
DA:7,78
DA:9,78
DA:31,2
DA:32,4
DA:33,12
LF:7
LH:7
BRDA:7,0,0,78
BRDA:7,0,1,0
BRF:2
BRH:1
end_of_record
TN:
SF:src\utils\appStore.js
FNF:0
FNH:0
DA:3,1
LF:1
LH:1
BRF:0
BRH:0
end_of_record
